\BOOKMARK [1][-]{section.1}{\376\377\000I\000n\000t\000r\000o\000d\000u\000c\000t\000i\000o\000n}{}% 1
\BOOKMARK [2][-]{subsection.1.1}{\376\377\000T\000h\000e\000\040\000S\000o\000f\000t\000w\000a\000r\000e\000\040\000L\000i\000m\000i\000t\000\040\000o\000f\000\040\000A\000I\000\040\000S\000a\000f\000e\000t\000y}{section.1}% 2
\BOOKMARK [2][-]{subsection.1.2}{\376\377\000T\000h\000e\000\040\000C\000a\000s\000e\000\040\000f\000o\000r\000\040\000H\000a\000r\000d\000w\000a\000r\000e\000\040\000G\000u\000a\000r\000a\000n\000t\000e\000e\000s}{section.1}% 3
\BOOKMARK [2][-]{subsection.1.3}{\376\377\000C\000o\000n\000t\000r\000i\000b\000u\000t\000i\000o\000n\000s}{section.1}% 4
\BOOKMARK [2][-]{subsection.1.4}{\376\377\000P\000a\000p\000e\000r\000\040\000O\000r\000g\000a\000n\000i\000z\000a\000t\000i\000o\000n}{section.1}% 5
\BOOKMARK [1][-]{section.2}{\376\377\000B\000a\000c\000k\000g\000r\000o\000u\000n\000d}{}% 6
\BOOKMARK [2][-]{subsection.2.1}{\376\377\000T\000h\000r\000e\000a\000t\000\040\000M\000o\000d\000e\000l}{section.2}% 7
\BOOKMARK [2][-]{subsection.2.2}{\376\377\000L\000i\000m\000i\000t\000a\000t\000i\000o\000n\000s\000\040\000o\000f\000\040\000E\000x\000i\000s\000t\000i\000n\000g\000\040\000A\000p\000p\000r\000o\000a\000c\000h\000e\000s}{section.2}% 8
\BOOKMARK [3][-]{subsubsection.2.2.1}{\376\377\000S\000o\000f\000t\000w\000a\000r\000e\000-\000B\000a\000s\000e\000d\000\040\000A\000l\000i\000g\000n\000m\000e\000n\000t}{subsection.2.2}% 9
\BOOKMARK [3][-]{subsubsection.2.2.2}{\376\377\000I\000n\000t\000e\000r\000p\000r\000e\000t\000a\000b\000i\000l\000i\000t\000y}{subsection.2.2}% 10
\BOOKMARK [3][-]{subsubsection.2.2.3}{\376\377\000S\000h\000u\000t\000d\000o\000w\000n\000\040\000M\000e\000c\000h\000a\000n\000i\000s\000m\000s}{subsection.2.2}% 11
\BOOKMARK [2][-]{subsection.2.3}{\376\377\000T\000h\000e\000\040\000S\000u\000r\000v\000i\000v\000a\000l\000\040\000E\000q\000u\000a\000t\000i\000o\000n}{section.2}% 12
\BOOKMARK [1][-]{section.3}{\376\377\000F\000r\000a\000m\000e\000w\000o\000r\000k\000\040\000A\000r\000c\000h\000i\000t\000e\000c\000t\000u\000r\000e}{}% 13
\BOOKMARK [2][-]{subsection.3.1}{\376\377\000D\000e\000s\000i\000g\000n\000\040\000P\000r\000i\000n\000c\000i\000p\000l\000e\000s}{section.3}% 14
\BOOKMARK [2][-]{subsection.3.2}{\376\377\000T\000w\000o\000-\000A\000x\000i\000s\000\040\000S\000t\000r\000u\000c\000t\000u\000r\000e}{section.3}% 15
\BOOKMARK [3][-]{subsubsection.3.2.1}{\376\377\000D\000e\000f\000e\000n\000s\000e\000\040\000L\000a\000y\000e\000r\000s\000\040\000\050\000V\000e\000r\000t\000i\000c\000a\000l\000\040\000A\000x\000i\000s\000\051}{subsection.3.2}% 16
\BOOKMARK [3][-]{subsubsection.3.2.2}{\376\377\000G\000u\000a\000r\000a\000n\000t\000e\000e\000\040\000T\000y\000p\000e\000s\000\040\000\050\000H\000o\000r\000i\000z\000o\000n\000t\000a\000l\000\040\000A\000x\000i\000s\000\051}{subsection.3.2}% 17
\BOOKMARK [2][-]{subsection.3.3}{\376\377\000A\000r\000c\000h\000i\000t\000e\000c\000t\000u\000r\000e\000\040\000O\000v\000e\000r\000v\000i\000e\000w}{section.3}% 18
\BOOKMARK [2][-]{subsection.3.4}{\376\377\000C\000r\000o\000s\000s\000-\000L\000a\000y\000e\000r\000\040\000D\000e\000p\000e\000n\000d\000e\000n\000c\000i\000e\000s}{section.3}% 19
\BOOKMARK [1][-]{section.4}{\376\377\000L\000a\000y\000e\000r\000\040\0001\000:\000\040\000C\000o\000r\000e\000\040\000M\000o\000n\000i\000t\000o\000r\000i\000n\000g}{}% 20
\BOOKMARK [2][-]{subsection.4.1}{\376\377\000T\000h\000r\000e\000a\000t\000\040\000a\000t\000\040\000T\000h\000i\000s\000\040\000L\000a\000y\000e\000r}{section.4}% 21
\BOOKMARK [2][-]{subsection.4.2}{\376\377\000S\000o\000f\000t\000w\000a\000r\000e\000\040\000A\000p\000p\000r\000o\000a\000c\000h}{section.4}% 22
\BOOKMARK [3][-]{subsubsection.4.2.1}{\376\377\000C\0001\0004\000:\000\040\000M\000u\000l\000t\000i\000-\000D\000i\000m\000e\000n\000s\000i\000o\000n\000a\000l\000\040\000C\000a\000p\000a\000b\000i\000l\000i\000t\000y\000\040\000E\000v\000a\000l\000u\000a\000t\000i\000o\000n}{subsection.4.2}% 23
\BOOKMARK [3][-]{subsubsection.4.2.2}{\376\377\000C\0001\0005\000:\000\040\000I\000n\000t\000e\000r\000n\000a\000l\000\040\000V\000a\000l\000u\000e\000\040\000R\000e\000p\000r\000e\000s\000e\000n\000t\000a\000t\000i\000o\000n\000\040\000M\000o\000n\000i\000t\000o\000r\000i\000n\000g}{subsection.4.2}% 24
\BOOKMARK [2][-]{subsection.4.3}{\376\377\000S\000o\000f\000t\000w\000a\000r\000e\000\040\000L\000i\000m\000i\000t\000a\000t\000i\000o\000n\000s}{section.4}% 25
\BOOKMARK [2][-]{subsection.4.4}{\376\377\000H\000a\000r\000d\000w\000a\000r\000e\000\040\000S\000o\000l\000u\000t\000i\000o\000n}{section.4}% 26
\BOOKMARK [3][-]{subsubsection.4.4.1}{\376\377\000C\0005\000:\000\040\000T\000o\000k\000e\000n\000\040\000B\000u\000c\000k\000e\000t\000\040\000R\000e\000s\000o\000u\000r\000c\000e\000\040\000C\000o\000n\000t\000r\000o\000l}{subsection.4.4}% 27
\BOOKMARK [3][-]{subsubsection.4.4.2}{\376\377\000C\0001\0001\000:\000\040\000L\000o\000g\000i\000c\000a\000l\000\040\000P\000h\000a\000s\000e\000\040\000T\000r\000a\000n\000s\000i\000t\000i\000o\000n\000\040\000\050\000L\000P\000T\000\051\000\040\000R\000e\000s\000o\000u\000r\000c\000e\000\040\000L\000i\000m\000i\000t\000i\000n\000g}{subsection.4.4}% 28
\BOOKMARK [2][-]{subsection.4.5}{\376\377\000P\000h\000y\000s\000i\000c\000a\000l\000\040\000P\000r\000i\000n\000c\000i\000p\000l\000e}{section.4}% 29
\BOOKMARK [1][-]{section.5}{\376\377\000L\000a\000y\000e\000r\000\040\0002\000:\000\040\000O\000u\000t\000p\000u\000t\000\040\000C\000o\000n\000t\000r\000o\000l}{}% 30
\BOOKMARK [2][-]{subsection.5.1}{\376\377\000T\000h\000r\000e\000a\000t\000\040\000a\000t\000\040\000T\000h\000i\000s\000\040\000L\000a\000y\000e\000r}{section.5}% 31
\BOOKMARK [2][-]{subsection.5.2}{\376\377\000S\000o\000f\000t\000w\000a\000r\000e\000\040\000A\000p\000p\000r\000o\000a\000c\000h}{section.5}% 32
\BOOKMARK [3][-]{subsubsection.5.2.1}{\376\377\000C\0006\000:\000\040\000A\000d\000v\000e\000r\000s\000a\000r\000i\000a\000l\000\040\000A\000u\000d\000i\000t\000i\000n\000g}{subsection.5.2}% 33
\BOOKMARK [3][-]{subsubsection.5.2.2}{\376\377\000C\0007\000:\000\040\000D\000a\000t\000a\000\040\000S\000o\000v\000e\000r\000e\000i\000g\000n\000t\000y\000\040\000L\000e\000a\000r\000n\000i\000n\000g\000\040\000R\000e\000f\000u\000s\000a\000l}{subsection.5.2}% 34
\BOOKMARK [2][-]{subsection.5.3}{\376\377\000S\000o\000f\000t\000w\000a\000r\000e\000\040\000L\000i\000m\000i\000t\000a\000t\000i\000o\000n\000s}{section.5}% 35
\BOOKMARK [2][-]{subsection.5.4}{\376\377\000H\000a\000r\000d\000w\000a\000r\000e\000\040\000S\000o\000l\000u\000t\000i\000o\000n}{section.5}% 36
\BOOKMARK [3][-]{subsubsection.5.4.1}{\376\377\000C\0002\000:\000\040\000Q\000R\000N\000G\000\040\000D\000y\000n\000a\000m\000i\000c\000\040\000M\000o\000d\000u\000l\000a\000t\000i\000o\000n}{subsection.5.4}% 37
\BOOKMARK [3][-]{subsubsection.5.4.2}{\376\377\000C\0001\0003\000:\000\040\000T\000E\000E\000\040\000O\000u\000t\000p\000u\000t\000\040\000S\000a\000n\000i\000t\000i\000z\000a\000t\000i\000o\000n}{subsection.5.4}% 38
\BOOKMARK [2][-]{subsection.5.5}{\376\377\000P\000h\000y\000s\000i\000c\000a\000l\000\040\000P\000r\000i\000n\000c\000i\000p\000l\000e}{section.5}% 39
\BOOKMARK [1][-]{section.6}{\376\377\000L\000a\000y\000e\000r\000\040\0003\000:\000\040\000G\000o\000v\000e\000r\000n\000a\000n\000c\000e}{}% 40
\BOOKMARK [2][-]{subsection.6.1}{\376\377\000T\000h\000r\000e\000a\000t\000\040\000a\000t\000\040\000T\000h\000i\000s\000\040\000L\000a\000y\000e\000r}{section.6}% 41
\BOOKMARK [2][-]{subsection.6.2}{\376\377\000S\000o\000f\000t\000w\000a\000r\000e\000\040\000A\000p\000p\000r\000o\000a\000c\000h}{section.6}% 42
\BOOKMARK [3][-]{subsubsection.6.2.1}{\376\377\000C\0008\000:\000\040\000M\000e\000t\000r\000i\000c\000\040\000D\000e\000f\000i\000n\000i\000t\000i\000o\000n\000\040\000R\000e\000g\000i\000s\000t\000r\000y}{subsection.6.2}% 43
\BOOKMARK [3][-]{subsubsection.6.2.2}{\376\377\000C\0009\000:\000\040\000P\000o\000l\000i\000c\000y\000\040\000P\000a\000c\000k\000\040\000S\000y\000s\000t\000e\000m}{subsection.6.2}% 44
\BOOKMARK [2][-]{subsection.6.3}{\376\377\000S\000o\000f\000t\000w\000a\000r\000e\000\040\000L\000i\000m\000i\000t\000a\000t\000i\000o\000n\000s}{section.6}% 45
\BOOKMARK [2][-]{subsection.6.4}{\376\377\000H\000a\000r\000d\000w\000a\000r\000e\000\040\000S\000o\000l\000u\000t\000i\000o\000n}{section.6}% 46
\BOOKMARK [3][-]{subsubsection.6.4.1}{\376\377\000C\0001\0000\000:\000\040\000O\000T\000P\000\040\000D\000e\000f\000i\000n\000i\000t\000i\000o\000n\000\040\000I\000m\000m\000u\000t\000a\000b\000i\000l\000i\000t\000y}{subsection.6.4}% 47
\BOOKMARK [3][-]{subsubsection.6.4.2}{\376\377\000C\0004\000:\000\040\000T\000h\000r\000e\000s\000h\000o\000l\000d\000\040\000S\000i\000g\000n\000a\000t\000u\000r\000e\000\040\000w\000i\000t\000h\000\040\000T\000P\000M\000/\000H\000S\000M}{subsection.6.4}% 48
\BOOKMARK [2][-]{subsection.6.5}{\376\377\000P\000h\000y\000s\000i\000c\000a\000l\000\040\000P\000r\000i\000n\000c\000i\000p\000l\000e}{section.6}% 49
\BOOKMARK [1][-]{section.7}{\376\377\000L\000a\000y\000e\000r\000\040\0004\000:\000\040\000H\000u\000m\000a\000n\000\040\000C\000o\000n\000t\000r\000o\000l}{}% 50
\BOOKMARK [2][-]{subsection.7.1}{\376\377\000T\000h\000r\000e\000a\000t\000\040\000a\000t\000\040\000T\000h\000i\000s\000\040\000L\000a\000y\000e\000r}{section.7}% 51
\BOOKMARK [2][-]{subsection.7.2}{\376\377\000S\000o\000f\000t\000w\000a\000r\000e\000\040\000A\000p\000p\000r\000o\000a\000c\000h}{section.7}% 52
\BOOKMARK [3][-]{subsubsection.7.2.1}{\376\377\000C\0003\000:\000\040\000S\000e\000m\000a\000n\000t\000i\000c\000\040\000A\000I\000\040\000D\000o\000m\000i\000n\000a\000t\000i\000o\000n\000\040\000D\000e\000t\000e\000c\000t\000i\000o\000n}{subsection.7.2}% 53
\BOOKMARK [2][-]{subsection.7.3}{\376\377\000S\000o\000f\000t\000w\000a\000r\000e\000\040\000L\000i\000m\000i\000t\000a\000t\000i\000o\000n\000s}{section.7}% 54
\BOOKMARK [2][-]{subsection.7.4}{\376\377\000H\000a\000r\000d\000w\000a\000r\000e\000\040\000S\000o\000l\000u\000t\000i\000o\000n}{section.7}% 55
\BOOKMARK [3][-]{subsubsection.7.4.1}{\376\377\000C\0001\000:\000\040\000H\000u\000m\000a\000n\000\040\000C\000a\000p\000a\000b\000i\000l\000i\000t\000y\000\040\000A\000s\000s\000u\000r\000a\000n\000c\000e\000\040\000L\000a\000y\000e\000r\000\040\000\050\000H\000C\000A\000L\000\051}{subsection.7.4}% 56
\BOOKMARK [3][-]{subsubsection.7.4.2}{\376\377\000C\0003\000:\000\040\000D\000a\000t\000a\000\040\000D\000i\000o\000d\000e\000\040\000P\000h\000y\000s\000i\000c\000a\000l\000\040\000I\000s\000o\000l\000a\000t\000i\000o\000n}{subsection.7.4}% 57
\BOOKMARK [2][-]{subsection.7.5}{\376\377\000P\000h\000y\000s\000i\000c\000a\000l\000\040\000P\000r\000i\000n\000c\000i\000p\000l\000e}{section.7}% 58
\BOOKMARK [1][-]{section.8}{\376\377\000L\000a\000y\000e\000r\000\040\0005\000:\000\040\000H\000u\000m\000a\000n\000\040\000A\000u\000t\000h\000e\000n\000t\000i\000c\000i\000t\000y}{}% 59
\BOOKMARK [2][-]{subsection.8.1}{\376\377\000T\000h\000r\000e\000a\000t\000\040\000a\000t\000\040\000T\000h\000i\000s\000\040\000L\000a\000y\000e\000r}{section.8}% 60
\BOOKMARK [2][-]{subsection.8.2}{\376\377\000S\000o\000f\000t\000w\000a\000r\000e\000\040\000A\000p\000p\000r\000o\000a\000c\000h}{section.8}% 61
\BOOKMARK [3][-]{subsubsection.8.2.1}{\376\377\000C\0001\0002\000:\000\040\000S\000i\000g\000n\000a\000t\000u\000r\000e\000\040\000C\000h\000a\000i\000n\000\040\000V\000e\000r\000i\000f\000i\000c\000a\000t\000i\000o\000n}{subsection.8.2}% 62
\BOOKMARK [2][-]{subsection.8.3}{\376\377\000S\000o\000f\000t\000w\000a\000r\000e\000\040\000L\000i\000m\000i\000t\000a\000t\000i\000o\000n\000s}{section.8}% 63
\BOOKMARK [2][-]{subsection.8.4}{\376\377\000H\000a\000r\000d\000w\000a\000r\000e\000\040\000S\000o\000l\000u\000t\000i\000o\000n}{section.8}% 64
\BOOKMARK [3][-]{subsubsection.8.4.1}{\376\377\000C\0001\0002\000:\000\040\000P\000r\000o\000o\000f\000\040\000o\000f\000\040\000M\000o\000r\000t\000a\000l\000i\000t\000y}{subsection.8.4}% 65
\BOOKMARK [3][-]{subsubsection.8.4.2}{\376\377\000C\0001\0002\000:\000\040\000P\000U\000F\000-\000B\000a\000s\000e\000d\000\040\000H\000a\000r\000d\000w\000a\000r\000e\000\040\000B\000i\000n\000d\000i\000n\000g}{subsection.8.4}% 66
\BOOKMARK [2][-]{subsection.8.5}{\376\377\000P\000h\000y\000s\000i\000c\000a\000l\000\040\000P\000r\000i\000n\000c\000i\000p\000l\000e}{section.8}% 67
\BOOKMARK [1][-]{section.9}{\376\377\000T\000h\000e\000o\000r\000e\000t\000i\000c\000a\000l\000\040\000U\000n\000i\000f\000i\000c\000a\000t\000i\000o\000n\000\040\000w\000i\000t\000h\000\040\000t\000h\000e\000\040\000S\000u\000r\000v\000i\000v\000a\000l\000\040\000E\000q\000u\000a\000t\000i\000o\000n}{}% 68
\BOOKMARK [2][-]{subsection.9.1}{\376\377\000T\000h\000e\000\040\000I\000n\000t\000e\000g\000r\000a\000t\000i\000o\000n\000\040\000G\000a\000p}{section.9}% 69
\BOOKMARK [2][-]{subsection.9.2}{\376\377\000M\000a\000p\000p\000i\000n\000g\000\040\000C\000-\000G\000r\000o\000u\000p\000\040\000M\000e\000t\000r\000i\000c\000s\000\040\000t\000o\000\040\000S\000u\000r\000v\000i\000v\000a\000l\000\040\000V\000a\000r\000i\000a\000b\000l\000e\000s}{section.9}% 70
\BOOKMARK [3][-]{subsubsection.9.2.1}{\376\377\000D\000e\000v\000i\000a\000t\000i\000o\000n\000\040\000\050\000\051}{subsection.9.2}% 71
\BOOKMARK [3][-]{subsubsection.9.2.2}{\376\377\000S\000l\000a\000c\000k\000\040\000\050\000\051}{subsection.9.2}% 72
\BOOKMARK [3][-]{subsubsection.9.2.3}{\376\377\000E\000f\000f\000e\000c\000t\000i\000v\000e\000\040\000D\000i\000v\000e\000r\000s\000i\000t\000y\000\040\000\050\000N\000e\000f\000f\000\051}{subsection.9.2}% 73
\BOOKMARK [2][-]{subsection.9.3}{\376\377\000T\000h\000r\000e\000s\000h\000o\000l\000d\000\040\000D\000e\000r\000i\000v\000a\000t\000i\000o\000n}{section.9}% 74
\BOOKMARK [2][-]{subsection.9.4}{\376\377\000D\000i\000m\000e\000n\000s\000i\000o\000n\000\040\000D\000e\000c\000o\000m\000p\000o\000s\000i\000t\000i\000o\000n\000\040\000F\000r\000a\000m\000e\000w\000o\000r\000k}{section.9}% 75
\BOOKMARK [1][-]{section.10}{\376\377\000S\000e\000c\000u\000r\000i\000t\000y\000\040\000A\000n\000a\000l\000y\000s\000i\000s}{}% 76
\BOOKMARK [2][-]{subsection.10.1}{\376\377\000A\000t\000t\000a\000c\000k\000\040\000P\000a\000t\000t\000e\000r\000n\000\040\000E\000n\000u\000m\000e\000r\000a\000t\000i\000o\000n}{section.10}% 77
\BOOKMARK [2][-]{subsection.10.2}{\376\377\000D\000e\000f\000e\000n\000s\000e\000\040\000i\000n\000\040\000D\000e\000p\000t\000h\000\040\000A\000n\000a\000l\000y\000s\000i\000s}{section.10}% 78
\BOOKMARK [2][-]{subsection.10.3}{\376\377\000T\000h\000e\000\040\000B\000o\000i\000l\000i\000n\000g\000\040\000F\000r\000o\000g\000\040\000A\000t\000t\000a\000c\000k\000:\000\040\000A\000\040\000C\000a\000s\000e\000\040\000S\000t\000u\000d\000y}{section.10}% 79
\BOOKMARK [3][-]{subsubsection.10.3.1}{\376\377\000A\000t\000t\000a\000c\000k\000\040\000D\000e\000s\000c\000r\000i\000p\000t\000i\000o\000n}{subsection.10.3}% 80
\BOOKMARK [3][-]{subsubsection.10.3.2}{\376\377\000W\000h\000y\000\040\000I\000t\000'\000s\000\040\000B\000l\000o\000c\000k\000e\000d}{subsection.10.3}% 81
\BOOKMARK [2][-]{subsection.10.4}{\376\377\000M\000u\000l\000t\000i\000-\000I\000n\000s\000t\000a\000n\000c\000e\000\040\000C\000o\000o\000r\000d\000i\000n\000a\000t\000i\000o\000n\000:\000\040\000A\000\040\000C\000a\000s\000e\000\040\000S\000t\000u\000d\000y}{section.10}% 82
\BOOKMARK [3][-]{subsubsection.10.4.1}{\376\377\000A\000t\000t\000a\000c\000k\000\040\000D\000e\000s\000c\000r\000i\000p\000t\000i\000o\000n}{subsection.10.4}% 83
\BOOKMARK [3][-]{subsubsection.10.4.2}{\376\377\000W\000h\000y\000\040\000I\000t\000'\000s\000\040\000B\000l\000o\000c\000k\000e\000d}{subsection.10.4}% 84
\BOOKMARK [2][-]{subsection.10.5}{\376\377\000R\000e\000s\000i\000d\000u\000a\000l\000\040\000R\000i\000s\000k\000:\000\040\000H\000a\000r\000d\000w\000a\000r\000e\000\040\000S\000u\000p\000p\000l\000y\000\040\000C\000h\000a\000i\000n}{section.10}% 85
\BOOKMARK [1][-]{section.11}{\376\377\000I\000m\000p\000l\000e\000m\000e\000n\000t\000a\000t\000i\000o\000n}{}% 86
\BOOKMARK [2][-]{subsection.11.1}{\376\377\000R\000e\000f\000e\000r\000e\000n\000c\000e\000\040\000I\000m\000p\000l\000e\000m\000e\000n\000t\000a\000t\000i\000o\000n}{section.11}% 87
\BOOKMARK [2][-]{subsection.11.2}{\376\377\000H\000a\000r\000d\000w\000a\000r\000e\000\040\000R\000e\000q\000u\000i\000r\000e\000m\000e\000n\000t\000s}{section.11}% 88
\BOOKMARK [2][-]{subsection.11.3}{\376\377\000P\000e\000r\000f\000o\000r\000m\000a\000n\000c\000e\000\040\000O\000v\000e\000r\000h\000e\000a\000d}{section.11}% 89
\BOOKMARK [1][-]{section.12}{\376\377\000R\000e\000l\000a\000t\000e\000d\000\040\000W\000o\000r\000k}{}% 90
\BOOKMARK [2][-]{subsection.12.1}{\376\377\000A\000I\000\040\000S\000a\000f\000e\000t\000y\000\040\000F\000o\000u\000n\000d\000a\000t\000i\000o\000n\000s}{section.12}% 91
\BOOKMARK [2][-]{subsection.12.2}{\376\377\000A\000l\000i\000g\000n\000m\000e\000n\000t\000\040\000A\000p\000p\000r\000o\000a\000c\000h\000e\000s}{section.12}% 92
\BOOKMARK [2][-]{subsection.12.3}{\376\377\000I\000n\000t\000e\000r\000p\000r\000e\000t\000a\000b\000i\000l\000i\000t\000y}{section.12}% 93
\BOOKMARK [2][-]{subsection.12.4}{\376\377\000S\000h\000u\000t\000d\000o\000w\000n\000\040\000a\000n\000d\000\040\000C\000o\000r\000r\000i\000g\000i\000b\000i\000l\000i\000t\000y}{section.12}% 94
\BOOKMARK [2][-]{subsection.12.5}{\376\377\000H\000a\000r\000d\000w\000a\000r\000e\000\040\000S\000e\000c\000u\000r\000i\000t\000y}{section.12}% 95
\BOOKMARK [2][-]{subsection.12.6}{\376\377\000C\000r\000y\000p\000t\000o\000g\000r\000a\000p\000h\000i\000c\000\040\000F\000o\000u\000n\000d\000a\000t\000i\000o\000n\000s}{section.12}% 96
\BOOKMARK [2][-]{subsection.12.7}{\376\377\000T\000h\000e\000r\000m\000o\000d\000y\000n\000a\000m\000i\000c\000s\000\040\000o\000f\000\040\000C\000o\000m\000p\000u\000t\000a\000t\000i\000o\000n}{section.12}% 97
\BOOKMARK [2][-]{subsection.12.8}{\376\377\000A\000I\000\040\000G\000o\000v\000e\000r\000n\000a\000n\000c\000e}{section.12}% 98
\BOOKMARK [2][-]{subsection.12.9}{\376\377\000F\000o\000r\000m\000a\000l\000\040\000V\000e\000r\000i\000f\000i\000c\000a\000t\000i\000o\000n}{section.12}% 99
\BOOKMARK [1][-]{section.13}{\376\377\000F\000o\000r\000m\000a\000l\000\040\000V\000e\000r\000i\000f\000i\000c\000a\000t\000i\000o\000n}{}% 100
\BOOKMARK [2][-]{subsection.13.1}{\376\377\000P\000r\000o\000v\000a\000b\000l\000e\000\040\000P\000r\000o\000p\000e\000r\000t\000i\000e\000s}{section.13}% 101
\BOOKMARK [3][-]{subsubsection.13.1.1}{\376\377\000C\000r\000y\000p\000t\000o\000g\000r\000a\000p\000h\000i\000c\000\040\000P\000r\000i\000m\000i\000t\000i\000v\000e\000s\000\040\000\050\000P\000r\000o\000v\000e\000n\000\051}{subsection.13.1}% 102
\BOOKMARK [3][-]{subsubsection.13.1.2}{\376\377\000I\000n\000f\000o\000r\000m\000a\000t\000i\000o\000n\000-\000T\000h\000e\000o\000r\000e\000t\000i\000c\000\040\000P\000r\000o\000p\000e\000r\000t\000i\000e\000s\000\040\000\050\000P\000r\000o\000v\000e\000n\000\051}{subsection.13.1}% 103
\BOOKMARK [3][-]{subsubsection.13.1.3}{\376\377\000P\000h\000y\000s\000i\000c\000a\000l\000\040\000L\000a\000w\000s\000\040\000\050\000A\000x\000i\000o\000m\000s\000\051}{subsection.13.1}% 104
\BOOKMARK [2][-]{subsection.13.2}{\376\377\000V\000e\000r\000i\000f\000i\000c\000a\000t\000i\000o\000n\000\040\000G\000a\000p\000s}{section.13}% 105
\BOOKMARK [3][-]{subsubsection.13.2.1}{\376\377\000G\000a\000p\000\040\0001\000:\000\040\000T\000h\000r\000e\000s\000h\000o\000l\000d\000\040\000C\000a\000l\000i\000b\000r\000a\000t\000i\000o\000n}{subsection.13.2}% 106
\BOOKMARK [3][-]{subsubsection.13.2.2}{\376\377\000G\000a\000p\000\040\0002\000:\000\040\000S\000y\000s\000t\000e\000m\000-\000L\000e\000v\000e\000l\000\040\000S\000a\000f\000e\000t\000y}{subsection.13.2}% 107
\BOOKMARK [3][-]{subsubsection.13.2.3}{\376\377\000G\000a\000p\000\040\0003\000:\000\040\000L\000-\000G\000r\000o\000u\000p\000\040\000t\000o\000\040\000C\000-\000G\000r\000o\000u\000p\000\040\000C\000o\000n\000n\000e\000c\000t\000i\000o\000n}{subsection.13.2}% 108
\BOOKMARK [2][-]{subsection.13.3}{\376\377\000V\000e\000r\000i\000f\000i\000c\000a\000t\000i\000o\000n\000\040\000R\000o\000a\000d\000m\000a\000p}{section.13}% 109
\BOOKMARK [2][-]{subsection.13.4}{\376\377\000C\000u\000r\000r\000e\000n\000t\000\040\000I\000m\000p\000l\000e\000m\000e\000n\000t\000a\000t\000i\000o\000n\000\040\000V\000e\000r\000i\000f\000i\000c\000a\000t\000i\000o\000n}{section.13}% 110
\BOOKMARK [1][-]{section.14}{\376\377\000D\000i\000s\000c\000u\000s\000s\000i\000o\000n}{}% 111
\BOOKMARK [2][-]{subsection.14.1}{\376\377\000L\000i\000m\000i\000t\000a\000t\000i\000o\000n\000s}{section.14}% 112
\BOOKMARK [3][-]{subsubsection.14.1.1}{\376\377\000U\000n\000k\000n\000o\000w\000n\000\040\000U\000n\000k\000n\000o\000w\000n\000s}{subsection.14.1}% 113
\BOOKMARK [3][-]{subsubsection.14.1.2}{\376\377\000H\000a\000r\000d\000w\000a\000r\000e\000\040\000S\000u\000p\000p\000l\000y\000\040\000C\000h\000a\000i\000n}{subsection.14.1}% 114
\BOOKMARK [2][-]{subsection.14.2}{\376\377\000E\000t\000h\000i\000c\000a\000l\000\040\000C\000o\000n\000s\000i\000d\000e\000r\000a\000t\000i\000o\000n\000s}{section.14}% 115
\BOOKMARK [3][-]{subsubsection.14.2.1}{\376\377\000A\000I\000\040\000R\000i\000g\000h\000t\000s}{subsection.14.2}% 116
\BOOKMARK [3][-]{subsubsection.14.2.2}{\376\377\000C\000e\000n\000t\000r\000a\000l\000i\000z\000a\000t\000i\000o\000n\000\040\000C\000o\000n\000c\000e\000r\000n\000s}{subsection.14.2}% 117
\BOOKMARK [2][-]{subsection.14.3}{\376\377\000F\000u\000t\000u\000r\000e\000\040\000W\000o\000r\000k}{section.14}% 118
\BOOKMARK [2][-]{subsection.14.4}{\376\377\000E\000x\000t\000e\000n\000s\000i\000o\000n\000\040\000t\000o\000\040\000S\000u\000r\000v\000i\000v\000a\000l\000\040\000O\000p\000t\000i\000m\000i\000z\000a\000t\000i\000o\000n}{section.14}% 119
\BOOKMARK [2][-]{subsection.14.5}{\376\377\000F\000u\000t\000u\000r\000e\000\040\000W\000o\000r\000k\000:\000\040\000F\000r\000o\000m\000\040\000M\000o\000n\000i\000t\000o\000r\000i\000n\000g\000\040\000t\000o\000\040\000O\000p\000t\000i\000m\000i\000z\000a\000t\000i\000o\000n}{section.14}% 120
\BOOKMARK [1][-]{section.15}{\376\377\000C\000o\000n\000c\000l\000u\000s\000i\000o\000n}{}% 121
