\BOOKMARK [1][-]{section.1}{\376\377\136\217\212\326}{}% 1
\BOOKMARK [2][-]{subsection.1.1}{\376\377\000A\000I\133\211\121\150\060\156\060\275\060\325\060\310\060\246\060\247\060\242\226\120\165\114}{section.1}% 2
\BOOKMARK [2][-]{subsection.1.2}{\376\377\060\317\060\374\060\311\060\246\060\247\060\242\117\335\212\074\060\156\137\305\211\201\140\047}{section.1}% 3
\BOOKMARK [2][-]{subsection.1.3}{\376\377\214\242\163\056}{section.1}% 4
\BOOKMARK [1][-]{section.2}{\376\377\200\314\146\157}{}% 5
\BOOKMARK [2][-]{subsection.2.1}{\376\377\201\005\132\001\060\342\060\307\060\353}{section.2}% 6
\BOOKMARK [2][-]{subsection.2.2}{\376\377\133\130\175\232\145\271\172\013\137\017}{section.2}% 7
\BOOKMARK [1][-]{section.3}{\376\377\060\325\060\354\060\374\060\340\060\357\060\374\060\257\060\242\060\374\060\255\060\306\060\257\060\301\060\343}{}% 8
\BOOKMARK [2][-]{subsection.3.1}{\376\377\212\055\212\010\123\237\122\107}{section.3}% 9
\BOOKMARK [2][-]{subsection.3.2}{\376\377\0002\216\370\151\313\220\040}{section.3}% 10
\BOOKMARK [3][-]{subsubsection.3.2.1}{\376\377\226\062\137\241\134\144\377\010\127\202\166\364\216\370\377\011}{subsection.3.2}% 11
\BOOKMARK [3][-]{subsubsection.3.2.2}{\376\377\117\335\212\074\060\277\060\244\060\327\377\010\154\064\136\163\216\370\377\011}{subsection.3.2}% 12
\BOOKMARK [2][-]{subsection.3.3}{\376\377\060\242\060\374\060\255\060\306\060\257\060\301\060\343\151\202\211\201}{section.3}% 13
\BOOKMARK [2][-]{subsection.3.4}{\376\377\134\144\225\223\117\235\133\130\140\047}{section.3}% 14
\BOOKMARK [1][-]{section.4}{\376\377\173\054\0001\134\144\000:\000\040\060\263\060\242\166\343\211\226}{}% 15
\BOOKMARK [2][-]{subsection.4.1}{\376\377\060\123\060\156\134\144\060\147\060\156\201\005\132\001}{section.4}% 16
\BOOKMARK [2][-]{subsection.4.2}{\376\377\060\275\060\325\060\310\060\246\060\247\060\242\060\242\060\327\060\355\060\374\060\301}{section.4}% 17
\BOOKMARK [3][-]{subsubsection.4.2.1}{\376\377\000C\0001\0004\000:\000\040\131\032\153\041\121\103\200\375\122\233\212\125\117\241}{subsection.4.2}% 18
\BOOKMARK [3][-]{subsubsection.4.2.2}{\376\377\000C\0001\0005\000:\000\040\121\205\220\350\117\241\120\044\210\150\163\376\166\343\211\226}{subsection.4.2}% 19
\BOOKMARK [3][-]{subsubsection.4.2.3}{\376\377\000C\0001\0007\000:\000\040\133\130\175\232\140\047\221\315\060\177\116\330\060\121\154\350\141\017\152\137\151\313\000\040\000\050\000S\000u\000r\000v\000i\000v\000a\000l\000A\000t\000t\000e\000n\000t\000i\000o\000n\000\051}{subsection.4.2}% 20
\BOOKMARK [2][-]{subsection.4.3}{\376\377\060\317\060\374\060\311\060\246\060\247\060\242\211\343\154\172\173\126}{section.4}% 21
\BOOKMARK [3][-]{subsubsection.4.3.1}{\376\377\000C\0005\000:\000\040\060\310\060\374\060\257\060\363\060\320\060\261\060\303\060\310\060\352\060\275\060\374\060\271\122\066\137\241}{subsection.4.3}% 22
\BOOKMARK [3][-]{subsubsection.4.3.2}{\376\377\000C\0001\0001\000:\000\040\212\326\164\006\166\370\216\342\171\373\377\010\000L\000P\000T\377\011\060\352\060\275\060\374\060\271\122\066\226\120}{subsection.4.3}% 23
\BOOKMARK [2][-]{subsection.4.4}{\376\377\162\151\164\006\123\237\164\006}{section.4}% 24
\BOOKMARK [1][-]{section.5}{\376\377\173\054\0002\134\144\000:\000\040\121\372\122\233\122\066\137\241}{}% 25
\BOOKMARK [2][-]{subsection.5.1}{\376\377\060\123\060\156\134\144\060\147\060\156\201\005\132\001}{section.5}% 26
\BOOKMARK [2][-]{subsection.5.2}{\376\377\060\317\060\374\060\311\060\246\060\247\060\242\211\343\154\172\173\126}{section.5}% 27
\BOOKMARK [3][-]{subsubsection.5.2.1}{\376\377\000C\0002\000:\000\040\000Q\000R\000N\000G\122\325\166\204\131\011\212\277}{subsection.5.2}% 28
\BOOKMARK [3][-]{subsubsection.5.2.2}{\376\377\000C\0001\0003\000:\000\040\000T\000E\000E\121\372\122\233\155\104\123\026}{subsection.5.2}% 29
\BOOKMARK [1][-]{section.6}{\376\377\173\054\0003\134\144\000:\000\040\060\254\060\320\060\312\060\363\060\271}{}% 30
\BOOKMARK [2][-]{subsection.6.1}{\376\377\060\123\060\156\134\144\060\147\060\156\201\005\132\001}{section.6}% 31
\BOOKMARK [2][-]{subsection.6.2}{\376\377\060\317\060\374\060\311\060\246\060\247\060\242\211\343\154\172\173\126}{section.6}% 32
\BOOKMARK [3][-]{subsubsection.6.2.1}{\376\377\000C\0001\0000\000:\000\040\000O\000T\000P\133\232\177\251\116\015\131\011\140\047}{subsection.6.2}% 33
\BOOKMARK [3][-]{subsubsection.6.2.2}{\376\377\000C\0004\000:\000\040\000T\000P\000M\000/\000H\000S\000M\060\153\060\210\060\213\225\276\120\044\177\162\124\015}{subsection.6.2}% 34
\BOOKMARK [2][-]{subsection.6.3}{\376\377\162\151\164\006\123\237\164\006}{section.6}% 35
\BOOKMARK [1][-]{section.7}{\376\377\173\054\0004\134\144\000:\000\040\116\272\225\223\122\066\137\241}{}% 36
\BOOKMARK [2][-]{subsection.7.1}{\376\377\060\123\060\156\134\144\060\147\060\156\201\005\132\001}{section.7}% 37
\BOOKMARK [2][-]{subsection.7.2}{\376\377\060\275\060\325\060\310\060\246\060\247\060\242\060\242\060\327\060\355\060\374\060\301}{section.7}% 38
\BOOKMARK [3][-]{subsubsection.7.2.1}{\376\377\000C\0003\000:\000\040\141\017\124\163\166\204\000A\000I\145\057\221\115\151\034\121\372}{subsection.7.2}% 39
\BOOKMARK [2][-]{subsection.7.3}{\376\377\060\317\060\374\060\311\060\246\060\247\060\242\211\343\154\172\173\126}{section.7}% 40
\BOOKMARK [3][-]{subsubsection.7.3.1}{\376\377\000C\0001\000:\000\040\116\272\225\223\200\375\122\233\117\335\212\074\134\144\377\010\000H\000C\000A\000L\377\011}{subsection.7.3}% 41
\BOOKMARK [3][-]{subsubsection.7.3.2}{\376\377\000C\0003\000:\000\040\060\307\060\374\060\277\060\300\060\244\060\252\060\374\060\311\162\151\164\006\226\224\226\342}{subsection.7.3}% 42
\BOOKMARK [2][-]{subsection.7.4}{\376\377\162\151\164\006\123\237\164\006}{section.7}% 43
\BOOKMARK [1][-]{section.8}{\376\377\173\054\0005\134\144\000:\000\040\116\272\225\223\167\037\153\143\140\047}{}% 44
\BOOKMARK [2][-]{subsection.8.1}{\376\377\060\123\060\156\134\144\060\147\060\156\201\005\132\001}{section.8}% 45
\BOOKMARK [2][-]{subsection.8.2}{\376\377\060\317\060\374\060\311\060\246\060\247\060\242\211\343\154\172\173\126}{section.8}% 46
\BOOKMARK [3][-]{subsubsection.8.2.1}{\376\377\000C\0001\0002\000:\000\040\153\173\116\241\212\074\146\016\377\010\000P\000r\000o\000o\000f\000\040\000o\000f\000\040\000M\000o\000r\000t\000a\000l\000i\000t\000y\377\011}{subsection.8.2}% 47
\BOOKMARK [3][-]{subsubsection.8.2.2}{\376\377\000C\0001\0002\000:\000\040\000P\000U\000F\060\331\060\374\060\271\060\317\060\374\060\311\060\246\060\247\060\242\060\320\060\244\060\363\060\307\060\243\060\363\060\260}{subsection.8.2}% 48
\BOOKMARK [2][-]{subsection.8.3}{\376\377\162\151\164\006\123\237\164\006}{section.8}% 49
\BOOKMARK [1][-]{section.9}{\376\377\133\130\175\232\145\271\172\013\137\017\060\150\060\156\164\006\212\326\166\204\175\161\124\010}{}% 50
\BOOKMARK [2][-]{subsection.9.1}{\376\377\175\161\124\010\060\256\060\343\060\303\060\327}{section.9}% 51
\BOOKMARK [2][-]{subsection.9.2}{\376\377\000C\177\244\060\341\060\310\060\352\060\257\060\271\060\113\060\211\133\130\175\232\131\011\145\160\060\170\060\156\060\336\060\303\060\324\060\363\060\260}{section.9}% 52
\BOOKMARK [3][-]{subsubsection.9.2.1}{\376\377\116\126\226\342\000\040\000\050\000\051}{subsection.9.2}% 53
\BOOKMARK [3][-]{subsubsection.9.2.2}{\376\377\117\131\166\175\000\040\000\050\000\051}{subsection.9.2}% 54
\BOOKMARK [3][-]{subsubsection.9.2.3}{\376\377\133\237\122\271\131\032\151\330\140\047\000\040\000\050\000N\000e\000f\000f\000\051}{subsection.9.2}% 55
\BOOKMARK [2][-]{subsection.9.3}{\376\377\225\276\120\044\134\016\121\372}{section.9}% 56
\BOOKMARK [1][-]{section.10}{\376\377\060\273\060\255\060\345\060\352\060\306\060\243\122\006\147\220}{}% 57
\BOOKMARK [2][-]{subsection.10.1}{\376\377\145\073\144\203\060\321\060\277\060\374\060\363\122\027\143\031}{section.10}% 58
\BOOKMARK [2][-]{subsection.10.2}{\376\377\203\071\060\147\060\254\060\250\060\353\145\073\144\203\000:\000\040\060\261\060\374\060\271\060\271\060\277\060\307\060\243}{section.10}% 59
\BOOKMARK [3][-]{subsubsection.10.2.1}{\376\377\145\073\144\203\060\156\212\254\146\016}{subsection.10.2}% 60
\BOOKMARK [3][-]{subsubsection.10.2.2}{\376\377\226\073\153\142\060\125\060\214\060\213\164\006\165\061}{subsection.10.2}% 61
\BOOKMARK [2][-]{subsection.10.3}{\376\377\153\213\133\130\060\352\060\271\060\257\000:\000\040\060\317\060\374\060\311\060\246\060\247\060\242\060\265\060\327\060\351\060\244\060\301\060\247\060\374\060\363}{section.10}% 62
\BOOKMARK [2][-]{subsection.10.4}{\376\377\170\272\163\207\166\204\060\242\060\351\060\244\060\341\060\363\060\310\060\113\060\211\154\172\133\232\166\204\137\067\122\066\060\170}{section.10}% 63
\BOOKMARK [3][-]{subsubsection.10.4.1}{\376\377\162\151\164\006\166\204\060\322\060\345\060\374\060\272\060\150\060\127\060\146\060\156\060\310\060\374\060\257\060\363\060\320\060\261\060\303\060\310\000\040\000\050\000C\0005\000\051}{subsection.10.4}% 64
\BOOKMARK [3][-]{subsubsection.10.4.2}{\376\377\060\325\060\247\060\244\060\353\060\273\060\374\060\325\060\150\060\127\060\146\060\156\212\326\164\006\166\370\216\342\171\373\000\040\000\050\000C\0001\0001\000/\000C\0001\0006\000\051}{subsection.10.4}% 65
\BOOKMARK [1][-]{section.11}{\376\377\133\237\210\305}{}% 66
\BOOKMARK [2][-]{subsection.11.1}{\376\377\123\302\161\147\133\237\210\305}{section.11}% 67
\BOOKMARK [2][-]{subsection.11.2}{\376\377\060\317\060\374\060\311\060\246\060\247\060\242\211\201\116\366}{section.11}% 68
\BOOKMARK [2][-]{subsection.11.3}{\376\377\060\321\060\325\060\251\060\374\060\336\060\363\060\271\060\252\060\374\060\320\060\374\060\330\060\303\060\311}{section.11}% 69
\BOOKMARK [1][-]{section.12}{\376\377\137\142\137\017\151\034\212\074}{}% 70
\BOOKMARK [2][-]{subsection.12.1}{\376\377\212\074\146\016\123\357\200\375\060\152\140\047\214\352}{section.12}% 71
\BOOKMARK [3][-]{subsubsection.12.1.1}{\376\377\146\227\123\367\060\327\060\352\060\337\060\306\060\243\060\326\377\010\212\074\146\016\156\010\060\177\377\011}{subsection.12.1}% 72
\BOOKMARK [3][-]{subsubsection.12.1.2}{\376\377\162\151\164\006\154\325\122\107\377\010\121\154\164\006\377\011}{subsection.12.1}% 73
\BOOKMARK [2][-]{subsection.12.2}{\376\377\151\034\212\074\060\256\060\343\060\303\060\327}{section.12}% 74
\BOOKMARK [3][-]{subsubsection.12.2.1}{\376\377\060\256\060\343\060\303\060\327\0001\000:\000\040\225\276\120\044\060\255\060\343\060\352\060\326\060\354\060\374\060\267\060\347\060\363}{subsection.12.2}% 75
\BOOKMARK [3][-]{subsubsection.12.2.2}{\376\377\060\256\060\343\060\303\060\327\0002\000:\000\040\060\267\060\271\060\306\060\340\060\354\060\331\060\353\133\211\121\150\140\047}{subsection.12.2}% 76
\BOOKMARK [2][-]{subsection.12.3}{\376\377\151\034\212\074\060\355\060\374\060\311\060\336\060\303\060\327}{section.12}% 77
\BOOKMARK [1][-]{section.13}{\376\377\213\160\212\326}{}% 78
\BOOKMARK [2][-]{subsection.13.1}{\376\377\226\120\165\114}{section.13}% 79
\BOOKMARK [3][-]{subsubsection.13.1.1}{\376\377\147\052\167\345\060\156\147\052\167\345}{subsection.13.1}% 80
\BOOKMARK [3][-]{subsubsection.13.1.2}{\376\377\060\317\060\374\060\311\060\246\060\247\060\242\060\265\060\327\060\351\060\244\060\301\060\247\060\374\060\363}{subsection.13.1}% 81
\BOOKMARK [2][-]{subsection.13.2}{\376\377\120\053\164\006\166\204\200\003\141\156}{section.13}% 82
\BOOKMARK [3][-]{subsubsection.13.2.1}{\376\377\000A\000I\152\051\122\051}{subsection.13.2}% 83
\BOOKMARK [3][-]{subsubsection.13.2.2}{\376\377\116\055\131\056\226\306\152\051\123\026\060\156\141\370\137\365}{subsection.13.2}% 84
\BOOKMARK [2][-]{subsection.13.3}{\376\377\060\252\060\374\060\327\060\363\060\275\060\374\060\271\060\150\212\215\212\074\060\153\060\210\060\213\133\214\121\150\140\047}{section.13}% 85
\BOOKMARK [2][-]{subsection.13.4}{\376\377\133\130\175\232\140\047\147\000\220\151\123\026\060\170\060\156\142\341\137\065}{section.13}% 86
\BOOKMARK [2][-]{subsection.13.5}{\376\377\116\312\137\214\060\156\134\125\147\033\377\032\166\343\211\226\060\113\060\211\147\000\220\151\123\026\060\170}{section.13}% 87
\BOOKMARK [1][-]{section.14}{\376\377\175\120\212\326}{}% 88
\BOOKMARK [2][-]{subsection.14.1}{\376\377\201\352\135\361\137\067\122\066\166\204\060\152\133\211\121\150\147\141\116\366\000\040\000\050\000T\000h\000e\000\040\000S\000e\000l\000f\000-\000E\000n\000f\000o\000r\000c\000i\000n\000g\000\040\000S\000a\000f\000e\000t\000y\000\040\000C\000o\000n\000d\000i\000t\000i\000o\000n\000\051}{section.14}% 89
